<?xml version="1.0" encoding="UTF-8"?>
<!-- Generated by org.testng.reporters.JUnitReportReporter -->
<testsuite hostname="AfshasPc" failures="0" tests="1" name="com.capstone.tests.CheckoutTest" time="66.609" errors="0" timestamp="2025-08-31T18:45:19 IST" skipped="0">
  <testcase classname="com.capstone.tests.CheckoutTest" name="cartTest" time="66.609"/>
</testsuite> <!-- com.capstone.tests.CheckoutTest -->
