<?xml version="1.0" encoding="UTF-8"?>
<!-- Generated by org.testng.reporters.JUnitReportReporter -->
<testsuite hostname="AfshasPc" failures="0" tests="1" name="com.capstone.tests.ChangePasswordTest" time="38.656" errors="0" timestamp="2025-08-31T22:53:20 IST" skipped="0">
  <testcase classname="com.capstone.tests.ChangePasswordTest" name="PasswordTest" time="38.656"/>
</testsuite> <!-- com.capstone.tests.ChangePasswordTest -->
