<?xml version="1.0" encoding="UTF-8"?>
<!-- Generated by org.testng.reporters.JUnitReportReporter -->
<testsuite hostname="AfshasPc" failures="0" tests="1" name="com.capstone.tests.RegisterTest" time="23.761" errors="0" timestamp="2025-09-01T13:26:13 IST" skipped="0">
  <testcase classname="com.capstone.tests.RegisterTest" name="registerNewUser" time="23.761"/>
</testsuite> <!-- com.capstone.tests.RegisterTest -->
