<?xml version="1.0" encoding="UTF-8"?>
<!-- Generated by org.testng.reporters.JUnitReportReporter -->
<testsuite hostname="AfshasPc" failures="0" tests="4" name="com.capstone.tests.LoginTest" time="69.597" errors="0" timestamp="2025-09-01T13:26:13 IST" skipped="0">
  <testcase classname="com.capstone.tests.LoginTest" name="loginTestInvalidPassword" time="27.279"/>
  <testcase classname="com.capstone.tests.LoginTest" name="loginTestInvalidEmail" time="27.329"/>
  <testcase classname="com.capstone.tests.LoginTest" name="loginTestValidCredentials" time="8.222"/>
  <testcase classname="com.capstone.tests.LoginTest" name="loginTestBlankCredentials" time="6.767"/>
</testsuite> <!-- com.capstone.tests.LoginTest -->
