<?xml version="1.0" encoding="UTF-8"?>
<!-- Generated by org.testng.reporters.JUnitReportReporter -->
<testsuite hostname="AfshasPc" failures="0" tests="1" name="com.capstone.tests.E2EFlowTest" time="73.079" errors="0" timestamp="2025-08-31T18:48:28 IST" skipped="0">
  <testcase classname="com.capstone.tests.E2EFlowTest" name="testEndToEndEcommerceFlow" time="73.079"/>
</testsuite> <!-- com.capstone.tests.E2EFlowTest -->
