<?xml version="1.0" encoding="UTF-8"?>
<!-- Generated by org.testng.reporters.JUnitReportReporter -->
<testsuite hostname="AfshasPc" failures="0" tests="1" name="com.capstone.tests.AddressTest" time="73.356" errors="0" timestamp="2025-08-31T20:40:36 IST" skipped="0">
  <testcase classname="com.capstone.tests.AddressTest" name="addNewAddress" time="73.356"/>
</testsuite> <!-- com.capstone.tests.AddressTest -->
