<?xml version="1.0" encoding="UTF-8"?>
<!-- Generated by org.testng.reporters.JUnitReportReporter -->
<testsuite hostname="AfshasPc" failures="0" tests="1" name="com.capstone.tests.ProductSearchTest" time="26.365" errors="0" timestamp="2025-08-31T18:28:52 IST" skipped="0">
  <testcase classname="com.capstone.tests.ProductSearchTest" name="loginTest" time="26.365"/>
</testsuite> <!-- com.capstone.tests.ProductSearchTest -->
