<?xml version="1.0" encoding="UTF-8"?>
<!-- Generated by org.testng.reporters.JUnitReportReporter -->
<testsuite hostname="AfshasPc" failures="0" tests="1" name="com.capstone.tests.CartTest" time="25.342" errors="0" timestamp="2025-08-31T17:44:01 IST" skipped="0">
  <testcase classname="com.capstone.tests.CartTest" name="cartTest" time="25.342"/>
</testsuite> <!-- com.capstone.tests.CartTest -->
