<?xml version="1.0" encoding="UTF-8"?>
<!-- Generated by org.testng.reporters.JUnitReportReporter -->
<testsuite hostname="AfshasPc" failures="0" tests="2" name="com.capstone.tests.ProductSearchTest" time="28.760" errors="0" timestamp="2025-09-01T11:24:29 IST" skipped="0">
  <testcase classname="com.capstone.tests.ProductSearchTest" name="productAddedToCart" time="18.734"/>
  <testcase classname="com.capstone.tests.ProductSearchTest" name="login" time="10.026"/>
</testsuite> <!-- com.capstone.tests.ProductSearchTest -->
