<?xml version="1.0" encoding="UTF-8"?>
<!-- Generated by org.testng.reporters.JUnitReportReporter -->
<testsuite hostname="AfshasPc" failures="0" tests="1" name="com.capstone.tests.CheckoutTest" time="29.396" errors="0" timestamp="2025-09-01T11:30:45 IST" skipped="0">
  <testcase classname="com.capstone.tests.CheckoutTest" name="completeCheckoutFlow" time="29.396"/>
</testsuite> <!-- com.capstone.tests.CheckoutTest -->
