<?xml version="1.0" encoding="UTF-8"?>
<!-- Generated by org.testng.reporters.JUnitReportReporter -->
<testsuite hostname="AfshasPc" failures="0" tests="1" name="com.capstone.tests.CartTest" time="31.960" errors="0" timestamp="2025-09-01T11:27:52 IST" skipped="0">
  <testcase classname="com.capstone.tests.CartTest" name="openChekoutPage" time="31.960"/>
</testsuite> <!-- com.capstone.tests.CartTest -->
