<?xml version="1.0" encoding="UTF-8"?>
<!-- Generated by org.testng.reporters.JUnitReportReporter -->
<testsuite hostname="AfshasPc" failures="0" tests="2" name="com.capstone.tests.LoginTest" time="22.517" errors="0" timestamp="2025-09-01T11:27:52 IST" skipped="0">
  <testcase classname="com.capstone.tests.LoginTest" name="loginWithValidUser" time="11.941"/>
  <testcase classname="com.capstone.tests.LoginTest" name="loginWithInvalidUser" time="10.576"/>
</testsuite> <!-- com.capstone.tests.LoginTest -->
