<?xml version="1.0" encoding="UTF-8"?>
<!-- Generated by org.testng.reporters.JUnitReportReporter -->
<testsuite hostname="AfshasPc" failures="0" tests="1" name="com.capstone.tests.E2ELogin2CheckoutTest" time="31.538" errors="0" timestamp="2025-09-01T11:36:55 IST" skipped="0">
  <testcase classname="com.capstone.tests.E2ELogin2CheckoutTest" name="completeCheckoutFlow" time="31.538"/>
</testsuite> <!-- com.capstone.tests.E2ELogin2CheckoutTest -->
